<?xml version="1.0" encoding="UTF-8"?>
<!-- Generated by org.testng.reporters.JUnitReportReporter -->
<testsuite skipped="0" hostname="Madhuprathap" name="TestNG.AnnotationsDemo" tests="2" failures="0" timestamp="06 Aug 2019 09:35:07 GMT" time="0.032" errors="0">
  <testcase name="createUser" time="0.016" classname="TestNG.AnnotationsDemo"/>
  <testcase name="deleteUser" time="0.016" classname="TestNG.AnnotationsDemo"/>
</testsuite> <!-- TestNG.AnnotationsDemo -->
