<?xml version="1.0" encoding="UTF-8"?>
<!-- Generated by org.testng.reporters.JUnitReportReporter -->
<testsuite skipped="0" hostname="Madhuprathap" name="TestNG.DataProviderDemo" tests="3" failures="0" timestamp="06 Aug 2019 06:47:31 GMT" time="0.032" errors="0">
  <testcase name="createUser" time="0.005" classname="TestNG.DataProviderDemo"/>
  <testcase name="createUser" time="0.003" classname="TestNG.DataProviderDemo"/>
  <testcase name="createUser" time="0.024" classname="TestNG.DataProviderDemo"/>
</testsuite> <!-- TestNG.DataProviderDemo -->
