<?xml version="1.0" encoding="UTF-8"?>
<!-- Generated by org.testng.reporters.JUnitReportReporter -->
<testsuite skipped="0" hostname="Madhuprathap" name="TestNG.BlueStoneDiamondRingPrice" tests="1" failures="0" timestamp="08 Aug 2019 04:30:19 GMT" time="33.354" errors="0">
  <testcase name="test" time="33.354" classname="TestNG.BlueStoneDiamondRingPrice"/>
</testsuite> <!-- TestNG.BlueStoneDiamondRingPrice -->
