<?xml version="1.0" encoding="UTF-8"?>
<!-- Generated by org.testng.reporters.JUnitReportReporter -->
<testsuite skipped="0" hostname="pc" name="assignment.Scenario8_BangleSize" tests="1" failures="0" timestamp="20 Aug 2019 19:47:27 GMT" time="205.013" errors="0">
  <testcase name="test" time="205.013" classname="assignment.Scenario8_BangleSize"/>
</testsuite> <!-- assignment.Scenario8_BangleSize -->
