<?xml version="1.0" encoding="UTF-8"?>
<!-- Generated by org.testng.reporters.JUnitReportReporter -->
<testsuite skipped="0" hostname="Madhuprathap" name="Scenarios_TestNG.Scenario2_Ebay" tests="1" failures="0" timestamp="10 Aug 2019 08:24:12 GMT" time="40.186" errors="0">
  <testcase name="mail" time="40.186" classname="Scenarios_TestNG.Scenario2_Ebay"/>
</testsuite> <!-- Scenarios_TestNG.Scenario2_Ebay -->
