<?xml version="1.0" encoding="UTF-8"?>
<!-- Generated by org.testng.reporters.JUnitReportReporter -->
<testsuite skipped="0" hostname="Madhuprathap" name="TestNG.ParametersDemo" tests="1" failures="0" timestamp="06 Aug 2019 10:45:50 GMT" time="0.046" errors="0">
  <testcase name="test" time="0.046" classname="TestNG.ParametersDemo"/>
</testsuite> <!-- TestNG.ParametersDemo -->
