<?xml version="1.0" encoding="UTF-8"?>
<!-- Generated by org.testng.reporters.JUnitReportReporter -->
<testsuite skipped="0" hostname="Madhuprathap" name="TestNG.AnnDemo1" tests="1" failures="0" timestamp="07 Aug 2019 12:12:49 GMT" time="0.000" errors="0">
  <testcase name="s2" time="0.000" classname="TestNG.AnnDemo1"/>
</testsuite> <!-- TestNG.AnnDemo1 -->
