<?xml version="1.0" encoding="UTF-8"?>
<!-- Generated by org.testng.reporters.JUnitReportReporter -->
<testsuite skipped="0" hostname="Madhuprathap" name="TestNG.PriorityAnnotations" tests="6" failures="0" timestamp="06 Aug 2019 06:34:52 GMT" time="0.040" errors="0">
  <testcase name="test2" time="0.024" classname="TestNG.PriorityAnnotations"/>
  <testcase name="test3" time="0.004" classname="TestNG.PriorityAnnotations"/>
  <testcase name="test5" time="0.003" classname="TestNG.PriorityAnnotations"/>
  <testcase name="test1" time="0.003" classname="TestNG.PriorityAnnotations"/>
  <testcase name="test4" time="0.002" classname="TestNG.PriorityAnnotations"/>
  <testcase name="test4" time="0.004" classname="TestNG.PriorityAnnotations"/>
</testsuite> <!-- TestNG.PriorityAnnotations -->
