<?xml version="1.0" encoding="UTF-8"?>
<!-- Generated by org.testng.reporters.JUnitReportReporter -->
<testsuite skipped="0" hostname="Madhuprathap" name="Scenarios_TestNG.Scenario1_Gmail" tests="1" failures="0" timestamp="09 Aug 2019 06:41:45 GMT" time="30.859" errors="0">
  <testcase name="mail" time="30.859" classname="Scenarios_TestNG.Scenario1_Gmail"/>
</testsuite> <!-- Scenarios_TestNG.Scenario1_Gmail -->
