<?xml version="1.0" encoding="UTF-8"?>
<!-- Generated by org.testng.reporters.JUnitReportReporter -->
<testsuite skipped="0" hostname="Madhuprathap" name="TestNG.AnnDemo2" tests="1" failures="0" timestamp="06 Aug 2019 09:35:07 GMT" time="0.000" errors="0">
  <testcase name="s1" time="0.000" classname="TestNG.AnnDemo2"/>
</testsuite> <!-- TestNG.AnnDemo2 -->
