<?xml version="1.0" encoding="UTF-8"?>
<!-- Generated by org.testng.reporters.JUnitReportReporter -->
<testsuite skipped="1" hostname="Madhuprathap" name="TestNG.Groups" tests="3" failures="0" timestamp="06 Aug 2019 09:44:12 GMT" time="0.031" errors="0">
  <testcase name="createProduct" time="0.015" classname="TestNG.Groups"/>
  <testcase name="deleteProduct" time="0.016" classname="TestNG.Groups"/>
  <testcase name="editUser" classname="TestNG.Groups">
    <skipped/>
  </testcase> <!-- editUser -->
</testsuite> <!-- TestNG.Groups -->
